- Acount 1
Private key: 302e020100300506032b657004220420b10cd9da53ae9d84caf67895e2d4ee30a3f2cc26941af7c0fc3526ec9c3d1d39
Account ID: 0.0.4568184

- Acount 2
Private key: 302e020100300506032b6570042204205e8295db502ef16eaa08d807ae15a18d118729902c0e3c995b45583a7d34b203
Account ID: 0.0.4568185

- Acount 3
Private key: 302e020100300506032b6570042204201a342c8545e84a1eede5cc974509a13a4d60037bbcf0b8e29a826ae6459d6536
Account ID: 0.0.4568186

- Acount 4
Private key: 302e020100300506032b657004220420334c29aeca978a61cb59386b0330a6d5ecb3f5f48644c1cd47d09695e83e1d23
Account ID: 0.0.4568189

- Acount 5
Private key: 302e020100300506032b657004220420c8175bbf3decf2ce601e7bc4293c6cb389397c6076771475cd0cd920ec7f14a7
Account ID: 0.0.4568190

[
  AccountId {
    shard: Long { low: 0, high: 0, unsigned: false },
    realm: Long { low: 0, high: 0, unsigned: false },
    num: Long { low: 4568184, high: 0, unsigned: false },
    aliasKey: null,
    evmAddress: null,
    _checksum: null
  },
  AccountId {
    shard: Long { low: 0, high: 0, unsigned: false },
    realm: Long { low: 0, high: 0, unsigned: false },
    num: Long { low: 4568185, high: 0, unsigned: false },
    aliasKey: null,
    evmAddress: null,
    _checksum: null
  },
  AccountId {
    shard: Long { low: 0, high: 0, unsigned: false },
    realm: Long { low: 0, high: 0, unsigned: false },
    num: Long { low: 4568186, high: 0, unsigned: false },
    aliasKey: null,
    evmAddress: null,
    _checksum: null
  },
  AccountId {
    shard: Long { low: 0, high: 0, unsigned: false },
    realm: Long { low: 0, high: 0, unsigned: false },
    num: Long { low: 4568189, high: 0, unsigned: false },
    aliasKey: null,
    evmAddress: null,
    _checksum: null
  },
  AccountId {
    shard: Long { low: 0, high: 0, unsigned: false },
    realm: Long { low: 0, high: 0, unsigned: false },
    num: Long { low: 4568190, high: 0, unsigned: false },
    aliasKey: null,
    evmAddress: null,
    _checksum: null
  }
]
TransactionReceipt {
  status: Status { _code: 22 },
  accountId: null,
  fileId: null,
  contractId: null,
  topicId: null,
  tokenId: null,
  scheduleId: null,
  exchangeRate: ExchangeRate {
    hbars: 30000,
    cents: 172792,
    expirationTime: 2023-05-05T09:00:00.000Z,
    exchangeRateInCents: 5.759733333333333
  },
  topicSequenceNumber: Long { low: 0, high: 0, unsigned: false },
  topicRunningHash: Uint8Array(0) [],
  totalSupply: Long { low: 0, high: 0, unsigned: false },
  scheduledTransactionId: null,
  serials: [],
  duplicates: [],
  children: []
}
